{"C:\\xampp\\htdocs\\practica_node\\service_file\\src\\core\\interactors\\user\\delete.interactor.ts": {"path":"C:\\xampp\\htdocs\\practica_node\\service_file\\src\\core\\interactors\\user\\delete.interactor.ts","statementMap":{"0":{"start":{"line":4,"column":29},"end":{"line":7,"column":null}},"1":{"start":{"line":4,"column":71},"end":{"line":7,"column":null}},"2":{"start":{"line":4,"column":96},"end":{"line":7,"column":null}},"3":{"start":{"line":5,"column":28},"end":{"line":5,"column":67}},"4":{"start":{"line":6,"column":4},"end":{"line":6,"column":19}},"5":{"start":{"line":9,"column":0},"end":{"line":9,"column":36}}},"fnMap":{"0":{"name":"(anonymous_7)","decl":{"start":{"line":4,"column":29},"end":{"line":4,"column":30}},"loc":{"start":{"line":4,"column":71},"end":{"line":7,"column":null}}},"1":{"name":"(anonymous_8)","decl":{"start":{"line":4,"column":71},"end":{"line":4,"column":78}},"loc":{"start":{"line":4,"column":96},"end":{"line":7,"column":null}}},"2":{"name":"(anonymous_9)","decl":{"start":{"line":4,"column":96},"end":{"line":4,"column":null}},"loc":{"start":{"line":4,"column":96},"end":{"line":7,"column":1}}}},"branchMap":{},"s":{"0":1,"1":2,"2":2,"3":2,"4":2,"5":1},"f":{"0":2,"1":2,"2":2},"b":{}}
,"C:\\xampp\\htdocs\\practica_node\\service_file\\src\\core\\interactors\\user\\getUser.interactor.ts": {"path":"C:\\xampp\\htdocs\\practica_node\\service_file\\src\\core\\interactors\\user\\getUser.interactor.ts","statementMap":{"0":{"start":{"line":4,"column":26},"end":{"line":7,"column":2}},"1":{"start":{"line":4,"column":67},"end":{"line":7,"column":2}},"2":{"start":{"line":4,"column":92},"end":{"line":7,"column":2}},"3":{"start":{"line":5,"column":21},"end":{"line":5,"column":57}},"4":{"start":{"line":6,"column":2},"end":{"line":6,"column":14}},"5":{"start":{"line":9,"column":0},"end":{"line":9,"column":33}}},"fnMap":{"0":{"name":"(anonymous_7)","decl":{"start":{"line":4,"column":26},"end":{"line":4,"column":27}},"loc":{"start":{"line":4,"column":67},"end":{"line":7,"column":2}}},"1":{"name":"(anonymous_8)","decl":{"start":{"line":4,"column":67},"end":{"line":4,"column":74}},"loc":{"start":{"line":4,"column":92},"end":{"line":7,"column":2}}},"2":{"name":"(anonymous_9)","decl":{"start":{"line":4,"column":92},"end":{"line":4,"column":null}},"loc":{"start":{"line":4,"column":92},"end":{"line":7,"column":1}}}},"branchMap":{},"s":{"0":1,"1":2,"2":2,"3":2,"4":2,"5":1},"f":{"0":2,"1":2,"2":2},"b":{}}
,"C:\\xampp\\htdocs\\practica_node\\service_file\\src\\core\\interactors\\user\\saveUser.interactor.ts": {"path":"C:\\xampp\\htdocs\\practica_node\\service_file\\src\\core\\interactors\\user\\saveUser.interactor.ts","statementMap":{"0":{"start":{"line":4,"column":27},"end":{"line":7,"column":null}},"1":{"start":{"line":4,"column":67},"end":{"line":7,"column":null}},"2":{"start":{"line":4,"column":107},"end":{"line":7,"column":null}},"3":{"start":{"line":5,"column":23},"end":{"line":5,"column":67}},"4":{"start":{"line":6,"column":4},"end":{"line":6,"column":16}},"5":{"start":{"line":9,"column":0},"end":{"line":9,"column":34}}},"fnMap":{"0":{"name":"(anonymous_7)","decl":{"start":{"line":4,"column":27},"end":{"line":4,"column":28}},"loc":{"start":{"line":4,"column":67},"end":{"line":7,"column":null}}},"1":{"name":"(anonymous_8)","decl":{"start":{"line":4,"column":67},"end":{"line":4,"column":74}},"loc":{"start":{"line":4,"column":107},"end":{"line":7,"column":null}}},"2":{"name":"(anonymous_9)","decl":{"start":{"line":4,"column":107},"end":{"line":4,"column":null}},"loc":{"start":{"line":4,"column":107},"end":{"line":7,"column":1}}}},"branchMap":{},"s":{"0":1,"1":1,"2":1,"3":1,"4":1,"5":1},"f":{"0":1,"1":1,"2":1},"b":{}}
,"C:\\xampp\\htdocs\\practica_node\\service_file\\src\\core\\interactors\\user\\update.interactor.ts": {"path":"C:\\xampp\\htdocs\\practica_node\\service_file\\src\\core\\interactors\\user\\update.interactor.ts","statementMap":{"0":{"start":{"line":4,"column":29},"end":{"line":7,"column":null}},"1":{"start":{"line":4,"column":71},"end":{"line":7,"column":null}},"2":{"start":{"line":4,"column":110},"end":{"line":7,"column":null}},"3":{"start":{"line":5,"column":23},"end":{"line":5,"column":70}},"4":{"start":{"line":6,"column":4},"end":{"line":6,"column":16}},"5":{"start":{"line":9,"column":0},"end":{"line":9,"column":36}}},"fnMap":{"0":{"name":"(anonymous_7)","decl":{"start":{"line":4,"column":29},"end":{"line":4,"column":30}},"loc":{"start":{"line":4,"column":71},"end":{"line":7,"column":null}}},"1":{"name":"(anonymous_8)","decl":{"start":{"line":4,"column":71},"end":{"line":4,"column":78}},"loc":{"start":{"line":4,"column":110},"end":{"line":7,"column":null}}},"2":{"name":"(anonymous_9)","decl":{"start":{"line":4,"column":110},"end":{"line":4,"column":null}},"loc":{"start":{"line":4,"column":110},"end":{"line":7,"column":1}}}},"branchMap":{},"s":{"0":1,"1":2,"2":2,"3":2,"4":2,"5":1},"f":{"0":2,"1":2,"2":2},"b":{}}
,"C:\\xampp\\htdocs\\practica_node\\service_file\\test\\helpers\\user.helper.ts": {"path":"C:\\xampp\\htdocs\\practica_node\\service_file\\test\\helpers\\user.helper.ts","statementMap":{"0":{"start":{"line":1,"column":13},"end":{"line":5,"column":null}},"1":{"start":{"line":7,"column":13},"end":{"line":11,"column":null}},"2":{"start":{"line":13,"column":13},"end":{"line":17,"column":null}}},"fnMap":{},"branchMap":{},"s":{"0":1,"1":1,"2":1},"f":{},"b":{}}
,"C:\\xampp\\htdocs\\practica_node\\service_file\\test\\mocks\\UserMock.ts": {"path":"C:\\xampp\\htdocs\\practica_node\\service_file\\test\\mocks\\UserMock.ts","statementMap":{"0":{"start":{"line":10,"column":4},"end":{"line":14,"column":null}},"1":{"start":{"line":18,"column":4},"end":{"line":22,"column":null}},"2":{"start":{"line":26,"column":4},"end":{"line":26,"column":26}},"3":{"start":{"line":27,"column":4},"end":{"line":27,"column":19}},"4":{"start":{"line":31,"column":4},"end":{"line":31,"column":13}},"5":{"start":{"line":34,"column":0},"end":{"line":34,"column":24}}},"fnMap":{"0":{"name":"(anonymous_7)","decl":{"start":{"line":9,"column":15},"end":{"line":9,"column":22}},"loc":{"start":{"line":9,"column":37},"end":{"line":15,"column":null}}},"1":{"name":"(anonymous_9)","decl":{"start":{"line":17,"column":15},"end":{"line":17,"column":23}},"loc":{"start":{"line":17,"column":53},"end":{"line":23,"column":null}}},"2":{"name":"(anonymous_11)","decl":{"start":{"line":25,"column":15},"end":{"line":25,"column":25}},"loc":{"start":{"line":25,"column":53},"end":{"line":28,"column":null}}},"3":{"name":"(anonymous_13)","decl":{"start":{"line":30,"column":15},"end":{"line":30,"column":25}},"loc":{"start":{"line":30,"column":40},"end":{"line":32,"column":null}}}},"branchMap":{},"s":{"0":2,"1":1,"2":2,"3":2,"4":2,"5":1},"f":{"0":2,"1":1,"2":2,"3":2},"b":{}}
}
